<?xml version="1.0" encoding="UTF-8"?>
<!-- Generated by org.testng.reporters.JUnitReportReporter -->
<testsuite hostname="DESKTOP-RSL51V4" failures="0" tests="2" name="com.Cross_Browser_Testing.CrossBrowserTestingDemo" time="77.267" errors="0" timestamp="2025-04-06T15:33:01 PKT" skipped="0">
  <testcase classname="com.Cross_Browser_Testing.CrossBrowserTestingDemo" name="verifyTitle" time="36.218"/>
  <testcase classname="com.Cross_Browser_Testing.CrossBrowserTestingDemo" name="verifyTitle" time="41.049"/>
</testsuite> <!-- com.Cross_Browser_Testing.CrossBrowserTestingDemo -->
